Release 14.7 - xst P.20131013 (nt64)
Copyright (c) 1995-2013 Xilinx, Inc.  All rights reserved.
--> Parameter TMPDIR set to xst/projnav.tmp


Total REAL time to Xst completion: 0.00 secs
Total CPU time to Xst completion: 0.79 secs
 
--> Parameter xsthdpdir set to xst


Total REAL time to Xst completion: 0.00 secs
Total CPU time to Xst completion: 0.85 secs
 
--> Reading design: top.prj

TABLE OF CONTENTS
  1) Synthesis Options Summary
  2) HDL Compilation
  3) Design Hierarchy Analysis
  4) HDL Analysis
  5) HDL Synthesis
     5.1) HDL Synthesis Report
  6) Advanced HDL Synthesis
     6.1) Advanced HDL Synthesis Report
  7) Low Level Synthesis
  8) Partition Report
  9) Final Report
	9.1) Device utilization summary
	9.2) Partition Resource Summary
	9.3) TIMING REPORT


=========================================================================
*                      Synthesis Options Summary                        *
=========================================================================
---- Source Parameters
Input File Name                    : "top.prj"
Input Format                       : mixed
Ignore Synthesis Constraint File   : NO

---- Target Parameters
Output File Name                   : "top"
Output Format                      : NGC
Target Device                      : xc3s50a-5-tq144

---- Source Options
Top Module Name                    : top
Automatic FSM Extraction           : YES
FSM Encoding Algorithm             : Auto
Safe Implementation                : No
FSM Style                          : LUT
RAM Extraction                     : Yes
RAM Style                          : Auto
ROM Extraction                     : Yes
Mux Style                          : Auto
Decoder Extraction                 : YES
Priority Encoder Extraction        : Yes
Shift Register Extraction          : YES
Logical Shifter Extraction         : YES
XOR Collapsing                     : YES
ROM Style                          : Auto
Mux Extraction                     : Yes
Resource Sharing                   : YES
Asynchronous To Synchronous        : NO
Multiplier Style                   : Auto
Automatic Register Balancing       : No

---- Target Options
Add IO Buffers                     : YES
Global Maximum Fanout              : 100000
Add Generic Clock Buffer(BUFG)     : 24
Register Duplication               : YES
Slice Packing                      : YES
Optimize Instantiated Primitives   : NO
Use Clock Enable                   : Yes
Use Synchronous Set                : Yes
Use Synchronous Reset              : Yes
Pack IO Registers into IOBs        : Auto
Equivalent register Removal        : YES

---- General Options
Optimization Goal                  : Speed
Optimization Effort                : 1
Keep Hierarchy                     : No
Netlist Hierarchy                  : As_Optimized
RTL Output                         : Yes
Global Optimization                : AllClockNets
Read Cores                         : YES
Write Timing Constraints           : NO
Cross Clock Analysis               : NO
Hierarchy Separator                : /
Bus Delimiter                      : <>
Case Specifier                     : Maintain
Slice Utilization Ratio            : 100
BRAM Utilization Ratio             : 100
Verilog 2001                       : YES
Auto BRAM Packing                  : NO
Slice Utilization Ratio Delta      : 5

=========================================================================


=========================================================================
*                          HDL Compilation                              *
=========================================================================
Compiling vhdl file "C:/Users/Byron Montenegro/Documents/02.Proyectos_VHDL/uart/transmisor.vhd" in Library work.
Entity <transmisor> compiled.
Entity <transmisor> (Architecture <behavioral>) compiled.
Compiling vhdl file "C:/Users/Byron Montenegro/Documents/02.Proyectos_VHDL/uart/top.vhd" in Library work.
Architecture behavioral of Entity top is up to date.

=========================================================================
*                     Design Hierarchy Analysis                         *
=========================================================================
Analyzing hierarchy for entity <top> in library <work> (architecture <behavioral>).

Analyzing hierarchy for entity <transmisor> in library <work> (architecture <Behavioral>).


=========================================================================
*                            HDL Analysis                               *
=========================================================================
Analyzing Entity <top> in library <work> (Architecture <behavioral>).
Entity <top> analyzed. Unit <top> generated.

Analyzing Entity <transmisor> in library <work> (Architecture <Behavioral>).
Entity <transmisor> analyzed. Unit <transmisor> generated.


=========================================================================
*                           HDL Synthesis                               *
=========================================================================

Performing bidirectional port resolution...

Synthesizing Unit <transmisor>.
    Related source file is "C:/Users/Byron Montenegro/Documents/02.Proyectos_VHDL/uart/transmisor.vhd".
    Found 1-bit register for signal <salida>.
    Found 4-bit up counter for signal <ciclo>.
    Found 24-bit up counter for signal <delay_cambio>.
    Found 17-bit up counter for signal <estado>.
    Summary:
	inferred   3 Counter(s).
	inferred   1 D-type flip-flop(s).
Unit <transmisor> synthesized.


Synthesizing Unit <top>.
    Related source file is "C:/Users/Byron Montenegro/Documents/02.Proyectos_VHDL/uart/top.vhd".
Unit <top> synthesized.


=========================================================================
HDL Synthesis Report

Macro Statistics
# Counters                                             : 3
 17-bit up counter                                     : 1
 24-bit up counter                                     : 1
 4-bit up counter                                      : 1
# Registers                                            : 1
 1-bit register                                        : 1

=========================================================================

=========================================================================
*                       Advanced HDL Synthesis                          *
=========================================================================


=========================================================================
Advanced HDL Synthesis Report

Macro Statistics
# Counters                                             : 2
 17-bit up counter                                     : 1
 24-bit up counter                                     : 1
# Registers                                            : 1
 Flip-Flops                                            : 1

=========================================================================

=========================================================================
*                         Low Level Synthesis                           *
=========================================================================

Optimizing unit <top> ...

Optimizing unit <transmisor> ...

Mapping all equations...
Building and optimizing final netlist ...
Found area constraint ratio of 100 (+ 5) on block top, actual ratio is 4.

Final Macro Processing ...

=========================================================================
Final Register Report

Macro Statistics
# Registers                                            : 42
 Flip-Flops                                            : 42

=========================================================================

=========================================================================
*                           Partition Report                            *
=========================================================================

Partition Implementation Status
-------------------------------

  No Partitions were found in this design.

-------------------------------

=========================================================================
*                            Final Report                               *
=========================================================================
Final Results
RTL Top Level Output File Name     : top.ngr
Top Level Output File Name         : top
Output Format                      : NGC
Optimization Goal                  : Speed
Keep Hierarchy                     : No

Design Statistics
# IOs                              : 10

Cell Usage :
# BELS                             : 151
#      GND                         : 1
#      INV                         : 2
#      LUT1                        : 39
#      LUT2                        : 1
#      LUT3                        : 3
#      LUT3_L                      : 1
#      LUT4                        : 14
#      LUT4_D                      : 1
#      LUT4_L                      : 1
#      MUXCY                       : 45
#      MUXF5                       : 1
#      VCC                         : 1
#      XORCY                       : 41
# FlipFlops/Latches                : 42
#      FDR                         : 24
#      FDRE                        : 17
#      FDS                         : 1
# Clock Buffers                    : 1
#      BUFGP                       : 1
# IO Buffers                       : 9
#      IBUF                        : 8
#      OBUF                        : 1
=========================================================================

Device utilization summary:
---------------------------

Selected Device : 3s50atq144-5 

 Number of Slices:                       32  out of    704     4%  
 Number of Slice Flip Flops:             42  out of   1408     2%  
 Number of 4 input LUTs:                 62  out of   1408     4%  
 Number of IOs:                          10
 Number of bonded IOBs:                  10  out of    108     9%  
 Number of GCLKs:                         1  out of     24     4%  

---------------------------
Partition Resource Summary:
---------------------------

  No Partitions were found in this design.

---------------------------


=========================================================================
TIMING REPORT

NOTE: THESE TIMING NUMBERS ARE ONLY A SYNTHESIS ESTIMATE.
      FOR ACCURATE TIMING INFORMATION PLEASE REFER TO THE TRACE REPORT
      GENERATED AFTER PLACE-and-ROUTE.

Clock Information:
------------------
-----------------------------------+------------------------+-------+
Clock Signal                       | Clock buffer(FF name)  | Load  |
-----------------------------------+------------------------+-------+
clk                                | BUFGP                  | 42    |
-----------------------------------+------------------------+-------+

Asynchronous Control Signals Information:
----------------------------------------
No asynchronous control signals found in this design

Timing Summary:
---------------
Speed Grade: -5

   Minimum period: 5.359ns (Maximum Frequency: 186.607MHz)
   Minimum input arrival time before clock: 3.911ns
   Maximum output required time after clock: 5.248ns
   Maximum combinational path delay: No path found

Timing Detail:
--------------
All values displayed in nanoseconds (ns)

=========================================================================
Timing constraint: Default period analysis for Clock 'clk'
  Clock period: 5.359ns (frequency: 186.607MHz)
  Total number of paths / destination ports: 2161 / 101
-------------------------------------------------------------------------
Delay:               5.359ns (Levels of Logic = 8)
  Source:            transmisor/delay_cambio_8 (FF)
  Destination:       transmisor/estado_16 (FF)
  Source Clock:      clk rising
  Destination Clock: clk rising

  Data Path: transmisor/delay_cambio_8 to transmisor/estado_16
                                Gate     Net
    Cell:in->out      fanout   Delay   Delay  Logical Name (Net Name)
    ----------------------------------------  ------------
     FDR:C->Q              2   0.495   0.488  transmisor/delay_cambio_8 (transmisor/delay_cambio_8)
     LUT4:I0->O            1   0.561   0.000  transmisor/delay_cambio_cmp_eq0000_wg_lut<0> (transmisor/delay_cambio_cmp_eq0000_wg_lut<0>)
     MUXCY:S->O            1   0.523   0.000  transmisor/delay_cambio_cmp_eq0000_wg_cy<0> (transmisor/delay_cambio_cmp_eq0000_wg_cy<0>)
     MUXCY:CI->O           1   0.065   0.000  transmisor/delay_cambio_cmp_eq0000_wg_cy<1> (transmisor/delay_cambio_cmp_eq0000_wg_cy<1>)
     MUXCY:CI->O           1   0.065   0.000  transmisor/delay_cambio_cmp_eq0000_wg_cy<2> (transmisor/delay_cambio_cmp_eq0000_wg_cy<2>)
     MUXCY:CI->O           1   0.065   0.000  transmisor/delay_cambio_cmp_eq0000_wg_cy<3> (transmisor/delay_cambio_cmp_eq0000_wg_cy<3>)
     MUXCY:CI->O           1   0.065   0.000  transmisor/delay_cambio_cmp_eq0000_wg_cy<4> (transmisor/delay_cambio_cmp_eq0000_wg_cy<4>)
     MUXCY:CI->O          42   0.065   1.078  transmisor/delay_cambio_cmp_eq0000_wg_cy<5> (transmisor/delay_cambio_cmp_eq0000)
     LUT4:I3->O           17   0.561   0.893  transmisor/estado_and000027 (transmisor/estado_and0000)
     FDRE:R                    0.435          transmisor/estado_0
    ----------------------------------------
    Total                      5.359ns (2.900ns logic, 2.459ns route)
                                       (54.1% logic, 45.9% route)

=========================================================================
Timing constraint: Default OFFSET IN BEFORE for Clock 'clk'
  Total number of paths / destination ports: 8 / 2
-------------------------------------------------------------------------
Offset:              3.911ns (Levels of Logic = 4)
  Source:            entrada<0> (PAD)
  Destination:       transmisor/salida (FF)
  Destination Clock: clk rising

  Data Path: entrada<0> to transmisor/salida
                                Gate     Net
    Cell:in->out      fanout   Delay   Delay  Logical Name (Net Name)
    ----------------------------------------  ------------
     IBUF:I->O             1   0.824   0.423  entrada_0_IBUF (entrada_0_IBUF)
     LUT4:I1->O            1   0.562   0.359  transmisor/salida_mux0001115 (transmisor/salida_mux0001115)
     LUT4:I3->O            1   0.561   0.423  transmisor/salida_mux0001131 (transmisor/salida_mux0001131)
     LUT2:I1->O            1   0.562   0.000  transmisor/salida_mux00011441 (transmisor/salida_mux0001144)
     FDS:D                     0.197          transmisor/salida
    ----------------------------------------
    Total                      3.911ns (2.706ns logic, 1.205ns route)
                                       (69.2% logic, 30.8% route)

=========================================================================
Timing constraint: Default OFFSET OUT AFTER for Clock 'clk'
  Total number of paths / destination ports: 1 / 1
-------------------------------------------------------------------------
Offset:              5.248ns (Levels of Logic = 1)
  Source:            transmisor/salida (FF)
  Destination:       salida (PAD)
  Source Clock:      clk rising

  Data Path: transmisor/salida to salida
                                Gate     Net
    Cell:in->out      fanout   Delay   Delay  Logical Name (Net Name)
    ----------------------------------------  ------------
     FDS:C->Q              1   0.495   0.357  transmisor/salida (transmisor/salida)
     OBUF:I->O                 4.396          salida_OBUF (salida)
    ----------------------------------------
    Total                      5.248ns (4.891ns logic, 0.357ns route)
                                       (93.2% logic, 6.8% route)

=========================================================================


Total REAL time to Xst completion: 14.00 secs
Total CPU time to Xst completion: 14.50 secs
 
--> 

Total memory usage is 252024 kilobytes

Number of errors   :    0 (   0 filtered)
Number of warnings :    0 (   0 filtered)
Number of infos    :    0 (   0 filtered)

