#:C0     
#Xilinx FPGA Editor Command Log File
#Editor Version:
#:V   NT M2.1 P.20131013
#Current Working Directory:
#:D   C:\Users\Byron Montenegro\Documents\02.Proyectos_VHDL\uart
#Date/Time:
#:T   Thu Mar 02 23:32:40 2023
#------------------------------
	#Reading transmisor_map.ncd...
	#Loading device for application Rf_Device from file '3s50a.nph' in environment C:\Xilinx\14.7\ISE_DS\ISE\.
	#   "transmisor" is an NCD, version 3.2, device xc3s50a, package tq144, speed -5
	#Design creation date: 2023.03.03.05.31.34
	#Building chip graphics...
	#Loading speed info...
	#1
setattr main edit-mode no-logic-changes
	#2
unselect -all
	#3
unselect -all
