Release 14.7 - xst P.20131013 (nt64)
Copyright (c) 1995-2013 Xilinx, Inc.  All rights reserved.
--> Parameter TMPDIR set to xst/projnav.tmp


Total REAL time to Xst completion: 0.00 secs
Total CPU time to Xst completion: 0.21 secs
 
--> Parameter xsthdpdir set to xst


Total REAL time to Xst completion: 0.00 secs
Total CPU time to Xst completion: 0.21 secs
 
--> Reading design: RX.prj

TABLE OF CONTENTS
  1) Synthesis Options Summary
  2) HDL Compilation
  3) Design Hierarchy Analysis
  4) HDL Analysis
  5) HDL Synthesis
     5.1) HDL Synthesis Report
  6) Advanced HDL Synthesis
     6.1) Advanced HDL Synthesis Report
  7) Low Level Synthesis
  8) Partition Report
  9) Final Report
	9.1) Device utilization summary
	9.2) Partition Resource Summary
	9.3) TIMING REPORT


=========================================================================
*                      Synthesis Options Summary                        *
=========================================================================
---- Source Parameters
Input File Name                    : "RX.prj"
Input Format                       : mixed
Ignore Synthesis Constraint File   : NO

---- Target Parameters
Output File Name                   : "RX"
Output Format                      : NGC
Target Device                      : xc3s50a-5-tq144

---- Source Options
Top Module Name                    : RX
Automatic FSM Extraction           : YES
FSM Encoding Algorithm             : Auto
Safe Implementation                : No
FSM Style                          : LUT
RAM Extraction                     : Yes
RAM Style                          : Auto
ROM Extraction                     : Yes
Mux Style                          : Auto
Decoder Extraction                 : YES
Priority Encoder Extraction        : Yes
Shift Register Extraction          : YES
Logical Shifter Extraction         : YES
XOR Collapsing                     : YES
ROM Style                          : Auto
Mux Extraction                     : Yes
Resource Sharing                   : YES
Asynchronous To Synchronous        : NO
Multiplier Style                   : Auto
Automatic Register Balancing       : No

---- Target Options
Add IO Buffers                     : YES
Global Maximum Fanout              : 100000
Add Generic Clock Buffer(BUFG)     : 24
Register Duplication               : YES
Slice Packing                      : YES
Optimize Instantiated Primitives   : NO
Use Clock Enable                   : Yes
Use Synchronous Set                : Yes
Use Synchronous Reset              : Yes
Pack IO Registers into IOBs        : Auto
Equivalent register Removal        : YES

---- General Options
Optimization Goal                  : Speed
Optimization Effort                : 1
Keep Hierarchy                     : No
Netlist Hierarchy                  : As_Optimized
RTL Output                         : Yes
Global Optimization                : AllClockNets
Read Cores                         : YES
Write Timing Constraints           : NO
Cross Clock Analysis               : NO
Hierarchy Separator                : /
Bus Delimiter                      : <>
Case Specifier                     : Maintain
Slice Utilization Ratio            : 100
BRAM Utilization Ratio             : 100
Verilog 2001                       : YES
Auto BRAM Packing                  : NO
Slice Utilization Ratio Delta      : 5

=========================================================================


=========================================================================
*                          HDL Compilation                              *
=========================================================================
Compiling vhdl file "C:/Users/Byron Montenegro/Documents/02.Proyectos_VHDL/uart1/recepcion.vhd" in Library work.
Entity <RX> compiled.
Entity <RX> (Architecture <Behavioral>) compiled.

=========================================================================
*                     Design Hierarchy Analysis                         *
=========================================================================
Analyzing hierarchy for entity <RX> in library <work> (architecture <Behavioral>).


=========================================================================
*                            HDL Analysis                               *
=========================================================================
Analyzing Entity <RX> in library <work> (Architecture <Behavioral>).
INFO:Xst:1739 - HDL ADVISOR - "C:/Users/Byron Montenegro/Documents/02.Proyectos_VHDL/uart1/recepcion.vhd" line 11: declaration of a buffer port will make it difficult for you to validate this design by simulation. It is preferable to declare it as output.
Entity <RX> analyzed. Unit <RX> generated.


=========================================================================
*                           HDL Synthesis                               *
=========================================================================

Performing bidirectional port resolution...

Synthesizing Unit <RX>.
    Related source file is "C:/Users/Byron Montenegro/Documents/02.Proyectos_VHDL/uart1/recepcion.vhd".
    Found finite state machine <FSM_0> for signal <bandera>.
    -----------------------------------------------------------------------
    | States             | 2                                              |
    | Transitions        | 9                                              |
    | Inputs             | 3                                              |
    | Outputs            | 2                                              |
    | Clock              | clk                       (rising_edge)        |
    | Clock enable       | bandera$not0000           (positive)           |
    | Power Up State     | 00                                             |
    | Encoding           | automatic                                      |
    | Implementation     | LUT                                            |
    -----------------------------------------------------------------------
    Found 1-bit register for signal <Habilitador>.
    Found 8-bit register for signal <caracter>.
    Found 24-bit up counter for signal <delay_cambio>.
    Found 17-bit up counter for signal <estados>.
    Summary:
	inferred   1 Finite State Machine(s).
	inferred   2 Counter(s).
	inferred   9 D-type flip-flop(s).
Unit <RX> synthesized.


=========================================================================
HDL Synthesis Report

Macro Statistics
# Counters                                             : 2
 17-bit up counter                                     : 1
 24-bit up counter                                     : 1
# Registers                                            : 9
 1-bit register                                        : 9

=========================================================================

=========================================================================
*                       Advanced HDL Synthesis                          *
=========================================================================

Analyzing FSM <FSM_0> for best encoding.
Optimizing FSM <bandera/FSM> on signal <bandera[1:1]> with sequential encoding.
-------------------
 State | Encoding
-------------------
 00    | 0
 01    | 1
-------------------

=========================================================================
Advanced HDL Synthesis Report

Macro Statistics
# FSMs                                                 : 1
# Counters                                             : 2
 17-bit up counter                                     : 1
 24-bit up counter                                     : 1
# Registers                                            : 9
 Flip-Flops                                            : 9

=========================================================================

=========================================================================
*                         Low Level Synthesis                           *
=========================================================================

Optimizing unit <RX> ...

Mapping all equations...
Building and optimizing final netlist ...
Found area constraint ratio of 100 (+ 5) on block RX, actual ratio is 6.

Final Macro Processing ...

=========================================================================
Final Register Report

Macro Statistics
# Registers                                            : 51
 Flip-Flops                                            : 51

=========================================================================

=========================================================================
*                           Partition Report                            *
=========================================================================

Partition Implementation Status
-------------------------------

  No Partitions were found in this design.

-------------------------------

=========================================================================
*                            Final Report                               *
=========================================================================
Final Results
RTL Top Level Output File Name     : RX.ngr
Top Level Output File Name         : RX
Output Format                      : NGC
Optimization Goal                  : Speed
Keep Hierarchy                     : No

Design Statistics
# IOs                              : 11

Cell Usage :
# BELS                             : 178
#      GND                         : 1
#      INV                         : 2
#      LUT1                        : 39
#      LUT2                        : 20
#      LUT3                        : 1
#      LUT4                        : 24
#      LUT4_D                      : 2
#      LUT4_L                      : 2
#      MUXCY                       : 45
#      VCC                         : 1
#      XORCY                       : 41
# FlipFlops/Latches                : 51
#      FDE                         : 10
#      FDRE                        : 41
# Clock Buffers                    : 1
#      BUFGP                       : 1
# IO Buffers                       : 10
#      IBUF                        : 1
#      OBUF                        : 9
=========================================================================

Device utilization summary:
---------------------------

Selected Device : 3s50atq144-5 

 Number of Slices:                       49  out of    704     6%  
 Number of Slice Flip Flops:             51  out of   1408     3%  
 Number of 4 input LUTs:                 90  out of   1408     6%  
 Number of IOs:                          11
 Number of bonded IOBs:                  11  out of    108    10%  
 Number of GCLKs:                         1  out of     24     4%  

---------------------------
Partition Resource Summary:
---------------------------

  No Partitions were found in this design.

---------------------------


=========================================================================
TIMING REPORT

NOTE: THESE TIMING NUMBERS ARE ONLY A SYNTHESIS ESTIMATE.
      FOR ACCURATE TIMING INFORMATION PLEASE REFER TO THE TRACE REPORT
      GENERATED AFTER PLACE-and-ROUTE.

Clock Information:
------------------
-----------------------------------+------------------------+-------+
Clock Signal                       | Clock buffer(FF name)  | Load  |
-----------------------------------+------------------------+-------+
clk                                | BUFGP                  | 51    |
-----------------------------------+------------------------+-------+

Asynchronous Control Signals Information:
----------------------------------------
No asynchronous control signals found in this design

Timing Summary:
---------------
Speed Grade: -5

   Minimum period: 5.306ns (Maximum Frequency: 188.473MHz)
   Minimum input arrival time before clock: 3.614ns
   Maximum output required time after clock: 5.342ns
   Maximum combinational path delay: No path found

Timing Detail:
--------------
All values displayed in nanoseconds (ns)

=========================================================================
Timing constraint: Default period analysis for Clock 'clk'
  Clock period: 5.306ns (frequency: 188.473MHz)
  Total number of paths / destination ports: 2966 / 135
-------------------------------------------------------------------------
Delay:               5.306ns (Levels of Logic = 9)
  Source:            delay_cambio_8 (FF)
  Destination:       caracter_1 (FF)
  Source Clock:      clk rising
  Destination Clock: clk rising

  Data Path: delay_cambio_8 to caracter_1
                                Gate     Net
    Cell:in->out      fanout   Delay   Delay  Logical Name (Net Name)
    ----------------------------------------  ------------
     FDRE:C->Q             2   0.495   0.488  delay_cambio_8 (delay_cambio_8)
     LUT4:I0->O            1   0.561   0.000  bandera_cmp_eq0001_wg_lut<0> (bandera_cmp_eq0001_wg_lut<0>)
     MUXCY:S->O            1   0.523   0.000  bandera_cmp_eq0001_wg_cy<0> (bandera_cmp_eq0001_wg_cy<0>)
     MUXCY:CI->O           1   0.065   0.000  bandera_cmp_eq0001_wg_cy<1> (bandera_cmp_eq0001_wg_cy<1>)
     MUXCY:CI->O           1   0.065   0.000  bandera_cmp_eq0001_wg_cy<2> (bandera_cmp_eq0001_wg_cy<2>)
     MUXCY:CI->O           1   0.065   0.000  bandera_cmp_eq0001_wg_cy<3> (bandera_cmp_eq0001_wg_cy<3>)
     MUXCY:CI->O           1   0.065   0.000  bandera_cmp_eq0001_wg_cy<4> (bandera_cmp_eq0001_wg_cy<4>)
     MUXCY:CI->O           5   0.179   0.561  bandera_cmp_eq0001_wg_cy<5> (bandera_cmp_eq0001)
     LUT4_D:I2->O          7   0.561   0.604  caracter_0_not0001145 (N01)
     LUT4:I3->O            1   0.561   0.357  caracter_6_not00011 (caracter_6_not0001)
     FDE:CE                    0.156          caracter_6
    ----------------------------------------
    Total                      5.306ns (3.296ns logic, 2.010ns route)
                                       (62.1% logic, 37.9% route)

=========================================================================
Timing constraint: Default OFFSET IN BEFORE for Clock 'clk'
  Total number of paths / destination ports: 27 / 27
-------------------------------------------------------------------------
Offset:              3.614ns (Levels of Logic = 2)
  Source:            RX_01 (PAD)
  Destination:       estados_0 (FF)
  Destination Clock: clk rising

  Data Path: RX_01 to estados_0
                                Gate     Net
    Cell:in->out      fanout   Delay   Delay  Logical Name (Net Name)
    ----------------------------------------  ------------
     IBUF:I->O            11   0.824   0.901  RX_01_IBUF (RX_01_IBUF)
     LUT4:I0->O           17   0.561   0.893  estados_and00001 (estados_and0000)
     FDRE:R                    0.435          estados_0
    ----------------------------------------
    Total                      3.614ns (1.820ns logic, 1.794ns route)
                                       (50.4% logic, 49.6% route)

=========================================================================
Timing constraint: Default OFFSET OUT AFTER for Clock 'clk'
  Total number of paths / destination ports: 9 / 9
-------------------------------------------------------------------------
Offset:              5.342ns (Levels of Logic = 1)
  Source:            caracter_3 (FF)
  Destination:       caracter<3> (PAD)
  Source Clock:      clk rising

  Data Path: caracter_3 to caracter<3>
                                Gate     Net
    Cell:in->out      fanout   Delay   Delay  Logical Name (Net Name)
    ----------------------------------------  ------------
     FDE:C->Q              3   0.495   0.451  caracter_3 (caracter_3)
     OBUF:I->O                 4.396          caracter_3_OBUF (caracter<3>)
    ----------------------------------------
    Total                      5.342ns (4.891ns logic, 0.451ns route)
                                       (91.6% logic, 8.4% route)

=========================================================================


Total REAL time to Xst completion: 11.00 secs
Total CPU time to Xst completion: 10.50 secs
 
--> 

Total memory usage is 251964 kilobytes

Number of errors   :    0 (   0 filtered)
Number of warnings :    0 (   0 filtered)
Number of infos    :    1 (   0 filtered)

