--------------------------------------------------------------------------------
Release 14.7 Trace  (nt64)
Copyright (c) 1995-2013 Xilinx, Inc.  All rights reserved.

C:\Xilinx\14.7\ISE_DS\ISE\bin\nt64\unwrapped\trce.exe -intstyle ise -v 3 -s 5
-n 3 -fastpaths -xml entradas.twx entradas.ncd -o entradas.twr entradas.pcf

Design file:              entradas.ncd
Physical constraint file: entradas.pcf
Device,package,speed:     xc3s50a,tq144,-5 (PRODUCTION 1.42 2013-10-13)
Report level:             verbose report

Environment Variable      Effect 
--------------------      ------ 
NONE                      No environment variables were set
--------------------------------------------------------------------------------

INFO:Timing:2698 - No timing constraints found, doing default enumeration.
INFO:Timing:3412 - To improve timing, see the Timing Closure User Guide (UG612).
INFO:Timing:2752 - To get complete path coverage, use the unconstrained paths 
   option. All paths that are not constrained will be reported in the 
   unconstrained paths section(s) of the report.
INFO:Timing:3339 - The clock-to-out numbers in this timing report are based on 
   a 50 Ohm transmission line loading model.  For the details of this model, 
   and for more information on accounting for different loading conditions, 
   please see the device datasheet.
INFO:Timing:3390 - This architecture does not support a default System Jitter 
   value, please add SYSTEM_JITTER constraint to the UCF to modify the Clock 
   Uncertainty calculation.
INFO:Timing:3389 - This architecture does not support 'Discrete Jitter' and 
   'Phase Error' calculations, these terms will be zero in the Clock 
   Uncertainty calculation.  Please make appropriate modification to 
   SYSTEM_JITTER to account for the unsupported Discrete Jitter and Phase 
   Error.



Data Sheet report:
-----------------
All values displayed in nanoseconds (ns)

Setup/Hold to clock clk
------------+------------+------------+------------------+--------+
            |Max Setup to|Max Hold to |                  | Clock  |
Source      | clk (edge) | clk (edge) |Internal Clock(s) | Phase  |
------------+------------+------------+------------------+--------+
entrada<0>  |    0.316(R)|    0.460(R)|clk_BUFGP         |   0.000|
entrada<1>  |    0.270(R)|    0.497(R)|clk_BUFGP         |   0.000|
entrada<2>  |    0.998(R)|   -0.105(R)|clk_BUFGP         |   0.000|
entrada<3>  |    0.895(R)|   -0.024(R)|clk_BUFGP         |   0.000|
entrada<4>  |    1.049(R)|   -0.153(R)|clk_BUFGP         |   0.000|
entrada<5>  |    1.193(R)|   -0.269(R)|clk_BUFGP         |   0.000|
entrada<6>  |    0.401(R)|    0.377(R)|clk_BUFGP         |   0.000|
entrada<7>  |    0.405(R)|    0.373(R)|clk_BUFGP         |   0.000|
------------+------------+------------+------------------+--------+

Clock clk to Pad
------------+------------+------------------+--------+
            | clk (edge) |                  | Clock  |
Destination |   to PAD   |Internal Clock(s) | Phase  |
------------+------------+------------------+--------+
salida<0>   |    6.493(R)|clk_BUFGP         |   0.000|
salida<1>   |    6.392(R)|clk_BUFGP         |   0.000|
salida<2>   |    7.574(R)|clk_BUFGP         |   0.000|
salida<3>   |    7.050(R)|clk_BUFGP         |   0.000|
salida<4>   |    6.924(R)|clk_BUFGP         |   0.000|
salida<5>   |    7.497(R)|clk_BUFGP         |   0.000|
salida<6>   |    6.869(R)|clk_BUFGP         |   0.000|
salida<7>   |    6.372(R)|clk_BUFGP         |   0.000|
------------+------------+------------------+--------+

Clock to Setup on destination clock clk
---------------+---------+---------+---------+---------+
               | Src:Rise| Src:Fall| Src:Rise| Src:Fall|
Source Clock   |Dest:Rise|Dest:Rise|Dest:Fall|Dest:Fall|
---------------+---------+---------+---------+---------+
clk            |    4.268|         |         |         |
---------------+---------+---------+---------+---------+


Analysis completed Thu Mar 09 16:14:04 2023 
--------------------------------------------------------------------------------

Trace Settings:
-------------------------
Trace Settings 

Peak Memory Usage: 187 MB



