Release 14.7 - xst P.20131013 (nt64)
Copyright (c) 1995-2013 Xilinx, Inc.  All rights reserved.
--> Parameter TMPDIR set to xst/projnav.tmp


Total REAL time to Xst completion: 0.00 secs
Total CPU time to Xst completion: 0.21 secs
 
--> Parameter xsthdpdir set to xst


Total REAL time to Xst completion: 0.00 secs
Total CPU time to Xst completion: 0.21 secs
 
--> Reading design: Top.prj

TABLE OF CONTENTS
  1) Synthesis Options Summary
  2) HDL Compilation
  3) Design Hierarchy Analysis
  4) HDL Analysis
  5) HDL Synthesis
     5.1) HDL Synthesis Report
  6) Advanced HDL Synthesis
     6.1) Advanced HDL Synthesis Report
  7) Low Level Synthesis
  8) Partition Report
  9) Final Report
	9.1) Device utilization summary
	9.2) Partition Resource Summary
	9.3) TIMING REPORT


=========================================================================
*                      Synthesis Options Summary                        *
=========================================================================
---- Source Parameters
Input File Name                    : "Top.prj"
Input Format                       : mixed
Ignore Synthesis Constraint File   : NO

---- Target Parameters
Output File Name                   : "Top"
Output Format                      : NGC
Target Device                      : xc3s50a-5-tq144

---- Source Options
Top Module Name                    : Top
Automatic FSM Extraction           : YES
FSM Encoding Algorithm             : Auto
Safe Implementation                : No
FSM Style                          : LUT
RAM Extraction                     : Yes
RAM Style                          : Auto
ROM Extraction                     : Yes
Mux Style                          : Auto
Decoder Extraction                 : YES
Priority Encoder Extraction        : Yes
Shift Register Extraction          : YES
Logical Shifter Extraction         : YES
XOR Collapsing                     : YES
ROM Style                          : Auto
Mux Extraction                     : Yes
Resource Sharing                   : YES
Asynchronous To Synchronous        : NO
Multiplier Style                   : Auto
Automatic Register Balancing       : No

---- Target Options
Add IO Buffers                     : YES
Global Maximum Fanout              : 100000
Add Generic Clock Buffer(BUFG)     : 24
Register Duplication               : YES
Slice Packing                      : YES
Optimize Instantiated Primitives   : NO
Use Clock Enable                   : Yes
Use Synchronous Set                : Yes
Use Synchronous Reset              : Yes
Pack IO Registers into IOBs        : Auto
Equivalent register Removal        : YES

---- General Options
Optimization Goal                  : Speed
Optimization Effort                : 1
Keep Hierarchy                     : No
Netlist Hierarchy                  : As_Optimized
RTL Output                         : Yes
Global Optimization                : AllClockNets
Read Cores                         : YES
Write Timing Constraints           : NO
Cross Clock Analysis               : NO
Hierarchy Separator                : /
Bus Delimiter                      : <>
Case Specifier                     : Maintain
Slice Utilization Ratio            : 100
BRAM Utilization Ratio             : 100
Verilog 2001                       : YES
Auto BRAM Packing                  : NO
Slice Utilization Ratio Delta      : 5

=========================================================================


=========================================================================
*                          HDL Compilation                              *
=========================================================================
Compiling vhdl file "C:/Users/Byron Montenegro/Documents/02.Proyectos_VHDL/contadortriple/contador.vhd" in Library work.
Entity <contador> compiled.
Entity <contador> (Architecture <behavioral>) compiled.
Compiling vhdl file "C:/Users/Byron Montenegro/Documents/02.Proyectos_VHDL/contadortriple/Top.vhd" in Library work.
Architecture behavioral of Entity top is up to date.

=========================================================================
*                     Design Hierarchy Analysis                         *
=========================================================================
Analyzing hierarchy for entity <Top> in library <work> (architecture <behavioral>).

Analyzing hierarchy for entity <contador> in library <work> (architecture <Behavioral>).


=========================================================================
*                            HDL Analysis                               *
=========================================================================
Analyzing Entity <Top> in library <work> (Architecture <behavioral>).
Entity <Top> analyzed. Unit <Top> generated.

Analyzing Entity <contador> in library <work> (Architecture <Behavioral>).
Entity <contador> analyzed. Unit <contador> generated.


=========================================================================
*                           HDL Synthesis                               *
=========================================================================

Performing bidirectional port resolution...

Synthesizing Unit <contador>.
    Related source file is "C:/Users/Byron Montenegro/Documents/02.Proyectos_VHDL/contadortriple/contador.vhd".
    Found 8-bit register for signal <display>.
    Found 3-bit register for signal <enable>.
    Found 4-bit up counter for signal <centenas>.
    Found 4-bit up counter for signal <decenas>.
    Found 24-bit up counter for signal <delay_cambio>.
    Found 16-bit up counter for signal <delay_mux>.
    Found 4-bit up counter for signal <unidades>.
    Summary:
	inferred   5 Counter(s).
	inferred  11 D-type flip-flop(s).
Unit <contador> synthesized.


Synthesizing Unit <Top>.
    Related source file is "C:/Users/Byron Montenegro/Documents/02.Proyectos_VHDL/contadortriple/Top.vhd".
Unit <Top> synthesized.


=========================================================================
HDL Synthesis Report

Macro Statistics
# Counters                                             : 5
 16-bit up counter                                     : 1
 24-bit up counter                                     : 1
 4-bit up counter                                      : 3
# Registers                                            : 2
 3-bit register                                        : 1
 8-bit register                                        : 1

=========================================================================

=========================================================================
*                       Advanced HDL Synthesis                          *
=========================================================================


=========================================================================
Advanced HDL Synthesis Report

Macro Statistics
# Counters                                             : 5
 16-bit up counter                                     : 1
 24-bit up counter                                     : 1
 4-bit up counter                                      : 3
# Registers                                            : 11
 Flip-Flops                                            : 11

=========================================================================

=========================================================================
*                         Low Level Synthesis                           *
=========================================================================

Optimizing unit <Top> ...

Optimizing unit <contador> ...

Mapping all equations...
Building and optimizing final netlist ...
Found area constraint ratio of 100 (+ 5) on block Top, actual ratio is 11.

Final Macro Processing ...

=========================================================================
Final Register Report

Macro Statistics
# Registers                                            : 63
 Flip-Flops                                            : 63

=========================================================================

=========================================================================
*                           Partition Report                            *
=========================================================================

Partition Implementation Status
-------------------------------

  No Partitions were found in this design.

-------------------------------

=========================================================================
*                            Final Report                               *
=========================================================================
Final Results
RTL Top Level Output File Name     : Top.ngr
Top Level Output File Name         : Top
Output Format                      : NGC
Optimization Goal                  : Speed
Keep Hierarchy                     : No

Design Statistics
# IOs                              : 12

Cell Usage :
# BELS                             : 249
#      GND                         : 1
#      INV                         : 5
#      LUT1                        : 38
#      LUT2                        : 11
#      LUT2_D                      : 1
#      LUT3                        : 24
#      LUT3_D                      : 3
#      LUT3_L                      : 5
#      LUT4                        : 56
#      LUT4_D                      : 7
#      LUT4_L                      : 11
#      MUXCY                       : 44
#      MUXF5                       : 2
#      VCC                         : 1
#      XORCY                       : 40
# FlipFlops/Latches                : 63
#      FD                          : 4
#      FDR                         : 40
#      FDRE                        : 12
#      FDS                         : 7
# Clock Buffers                    : 1
#      BUFGP                       : 1
# IO Buffers                       : 11
#      OBUF                        : 11
=========================================================================

Device utilization summary:
---------------------------

Selected Device : 3s50atq144-5 

 Number of Slices:                       83  out of    704    11%  
 Number of Slice Flip Flops:             63  out of   1408     4%  
 Number of 4 input LUTs:                161  out of   1408    11%  
 Number of IOs:                          12
 Number of bonded IOBs:                  12  out of    108    11%  
 Number of GCLKs:                         1  out of     24     4%  

---------------------------
Partition Resource Summary:
---------------------------

  No Partitions were found in this design.

---------------------------


=========================================================================
TIMING REPORT

NOTE: THESE TIMING NUMBERS ARE ONLY A SYNTHESIS ESTIMATE.
      FOR ACCURATE TIMING INFORMATION PLEASE REFER TO THE TRACE REPORT
      GENERATED AFTER PLACE-and-ROUTE.

Clock Information:
------------------
-----------------------------------+------------------------+-------+
Clock Signal                       | Clock buffer(FF name)  | Load  |
-----------------------------------+------------------------+-------+
clk                                | BUFGP                  | 63    |
-----------------------------------+------------------------+-------+

Asynchronous Control Signals Information:
----------------------------------------
No asynchronous control signals found in this design

Timing Summary:
---------------
Speed Grade: -5

   Minimum period: 6.888ns (Maximum Frequency: 145.171MHz)
   Minimum input arrival time before clock: No path found
   Maximum output required time after clock: 5.390ns
   Maximum combinational path delay: No path found

Timing Detail:
--------------
All values displayed in nanoseconds (ns)

=========================================================================
Timing constraint: Default period analysis for Clock 'clk'
  Clock period: 6.888ns (frequency: 145.171MHz)
  Total number of paths / destination ports: 3880 / 134
-------------------------------------------------------------------------
Delay:               6.888ns (Levels of Logic = 6)
  Source:            contador/delay_mux_11 (FF)
  Destination:       contador/display_4 (FF)
  Source Clock:      clk rising
  Destination Clock: clk rising

  Data Path: contador/delay_mux_11 to contador/display_4
                                Gate     Net
    Cell:in->out      fanout   Delay   Delay  Logical Name (Net Name)
    ----------------------------------------  ------------
     FDR:C->Q              3   0.495   0.559  contador/delay_mux_11 (contador/delay_mux_11)
     LUT4:I0->O            3   0.561   0.517  contador/display_mux0003<0>34 (contador/display_mux0003<0>34)
     LUT4:I1->O           18   0.562   0.910  contador/display_cmp_eq00172 (contador/display_cmp_eq0017)
     LUT4:I3->O            2   0.561   0.382  contador/display_mux0003<3>1125_SW0 (N27)
     LUT4_D:I3->LO         1   0.561   0.102  contador/display_mux0003<3>1125 (N65)
     LUT4:I3->O            1   0.561   0.359  contador/display_mux0003<4>148 (contador/N2)
     LUT4:I3->O            1   0.561   0.000  contador/display_mux0003<3>421 (contador/display_mux0003<3>42)
     FDS:D                     0.197          contador/display_4
    ----------------------------------------
    Total                      6.888ns (4.059ns logic, 2.829ns route)
                                       (58.9% logic, 41.1% route)

=========================================================================
Timing constraint: Default OFFSET OUT AFTER for Clock 'clk'
  Total number of paths / destination ports: 11 / 11
-------------------------------------------------------------------------
Offset:              5.390ns (Levels of Logic = 1)
  Source:            contador/display_3 (FF)
  Destination:       display<3> (PAD)
  Source Clock:      clk rising

  Data Path: contador/display_3 to display<3>
                                Gate     Net
    Cell:in->out      fanout   Delay   Delay  Logical Name (Net Name)
    ----------------------------------------  ------------
     FD:C->Q               4   0.495   0.499  contador/display_3 (contador/display_3)
     OBUF:I->O                 4.396          display_3_OBUF (display<3>)
    ----------------------------------------
    Total                      5.390ns (4.891ns logic, 0.499ns route)
                                       (90.7% logic, 9.3% route)

=========================================================================


Total REAL time to Xst completion: 12.00 secs
Total CPU time to Xst completion: 12.54 secs
 
--> 

Total memory usage is 252064 kilobytes

Number of errors   :    0 (   0 filtered)
Number of warnings :    0 (   0 filtered)
Number of infos    :    0 (   0 filtered)

