--------------------------------------------------------------------------------
Release 14.7 Trace  (nt64)
Copyright (c) 1995-2013 Xilinx, Inc.  All rights reserved.

C:\Xilinx\14.7\ISE_DS\ISE\bin\nt64\unwrapped\trce.exe -intstyle ise -v 3 -s 5
-n 3 -fastpaths -xml Top.twx Top.ncd -o Top.twr Top.pcf -ucf elbertv2.ucf

Design file:              Top.ncd
Physical constraint file: Top.pcf
Device,package,speed:     xc3s50a,tq144,-5 (PRODUCTION 1.42 2013-10-13)
Report level:             verbose report

Environment Variable      Effect 
--------------------      ------ 
NONE                      No environment variables were set
--------------------------------------------------------------------------------

INFO:Timing:3412 - To improve timing, see the Timing Closure User Guide (UG612).
INFO:Timing:2752 - To get complete path coverage, use the unconstrained paths 
   option. All paths that are not constrained will be reported in the 
   unconstrained paths section(s) of the report.
INFO:Timing:3339 - The clock-to-out numbers in this timing report are based on 
   a 50 Ohm transmission line loading model.  For the details of this model, 
   and for more information on accounting for different loading conditions, 
   please see the device datasheet.
INFO:Timing:3390 - This architecture does not support a default System Jitter 
   value, please add SYSTEM_JITTER constraint to the UCF to modify the Clock 
   Uncertainty calculation.
INFO:Timing:3389 - This architecture does not support 'Discrete Jitter' and 
   'Phase Error' calculations, these terms will be zero in the Clock 
   Uncertainty calculation.  Please make appropriate modification to 
   SYSTEM_JITTER to account for the unsupported Discrete Jitter and Phase 
   Error.

================================================================================
Timing constraint: NET "clk_BUFGP/IBUFG" PERIOD = 83.3333333 ns HIGH 50%;
For more information, see Period Analysis in the Timing Closure User Guide (UG612).

 1122 paths analyzed, 128 endpoints analyzed, 0 failing endpoints
 0 timing errors detected. (0 setup errors, 0 hold errors, 0 component switching limit errors)
 Minimum period is   5.866ns.
--------------------------------------------------------------------------------

Paths for end point contador09/contador_3 (SLICE_X16Y30.SR), 28 paths
--------------------------------------------------------------------------------
Slack (setup path):     77.467ns (requirement - (data path - clock path skew + uncertainty))
  Source:               contador09/delay_cambio_16 (FF)
  Destination:          contador09/contador_3 (FF)
  Requirement:          83.333ns
  Data Path Delay:      5.730ns (Levels of Logic = 4)
  Clock Path Skew:      -0.136ns (0.437 - 0.573)
  Source Clock:         clk_BUFGP rising at 0.000ns
  Destination Clock:    clk_BUFGP rising at 83.333ns
  Clock Uncertainty:    0.000ns

  Maximum Data Path: contador09/delay_cambio_16 to contador09/contador_3
    Location             Delay type         Delay(ns)  Physical Resource
                                                       Logical Resource(s)
    -------------------------------------------------  -------------------
    SLICE_X7Y28.XQ       Tcko                  0.495   contador09/delay_cambio<16>
                                                       contador09/delay_cambio_16
    SLICE_X5Y25.F1       net (fanout=2)        0.901   contador09/delay_cambio<16>
    SLICE_X5Y25.COUT     Topcyf                1.026   contador09/contador_and00001_wg_cy<1>
                                                       contador09/contador_and00001_wg_lut<0>
                                                       contador09/contador_and00001_wg_cy<0>
                                                       contador09/contador_and00001_wg_cy<1>
    SLICE_X5Y26.CIN      net (fanout=1)        0.000   contador09/contador_and00001_wg_cy<1>
    SLICE_X5Y26.COUT     Tbyp                  0.130   contador09/contador_and00001_wg_cy<3>
                                                       contador09/contador_and00001_wg_cy<2>
                                                       contador09/contador_and00001_wg_cy<3>
    SLICE_X5Y27.CIN      net (fanout=1)        0.000   contador09/contador_and00001_wg_cy<3>
    SLICE_X5Y27.COUT     Tbyp                  0.130   contador09/contador_and00001_wg_cy<5>
                                                       contador09/contador_and00001_wg_cy<4>
                                                       contador09/contador_and00001_wg_cy<5>
    SLICE_X16Y31.F2      net (fanout=15)       1.502   contador09/contador_and00001_wg_cy<5>
    SLICE_X16Y31.X       Tilo                  0.601   contador09/contador_and0000
                                                       contador09/contador_and0000
    SLICE_X16Y30.SR      net (fanout=2)        0.512   contador09/contador_and0000
    SLICE_X16Y30.CLK     Tsrck                 0.433   contador09/contador<3>
                                                       contador09/contador_3
    -------------------------------------------------  ---------------------------
    Total                                      5.730ns (2.815ns logic, 2.915ns route)
                                                       (49.1% logic, 50.9% route)

--------------------------------------------------------------------------------
Slack (setup path):     77.549ns (requirement - (data path - clock path skew + uncertainty))
  Source:               contador09/delay_cambio_19 (FF)
  Destination:          contador09/contador_3 (FF)
  Requirement:          83.333ns
  Data Path Delay:      5.648ns (Levels of Logic = 4)
  Clock Path Skew:      -0.136ns (0.437 - 0.573)
  Source Clock:         clk_BUFGP rising at 0.000ns
  Destination Clock:    clk_BUFGP rising at 83.333ns
  Clock Uncertainty:    0.000ns

  Maximum Data Path: contador09/delay_cambio_19 to contador09/contador_3
    Location             Delay type         Delay(ns)  Physical Resource
                                                       Logical Resource(s)
    -------------------------------------------------  -------------------
    SLICE_X7Y29.YQ       Tcko                  0.524   contador09/delay_cambio<18>
                                                       contador09/delay_cambio_19
    SLICE_X5Y25.G4       net (fanout=2)        0.807   contador09/delay_cambio<19>
    SLICE_X5Y25.COUT     Topcyg                1.009   contador09/contador_and00001_wg_cy<1>
                                                       contador09/contador_and00001_wg_lut<1>
                                                       contador09/contador_and00001_wg_cy<1>
    SLICE_X5Y26.CIN      net (fanout=1)        0.000   contador09/contador_and00001_wg_cy<1>
    SLICE_X5Y26.COUT     Tbyp                  0.130   contador09/contador_and00001_wg_cy<3>
                                                       contador09/contador_and00001_wg_cy<2>
                                                       contador09/contador_and00001_wg_cy<3>
    SLICE_X5Y27.CIN      net (fanout=1)        0.000   contador09/contador_and00001_wg_cy<3>
    SLICE_X5Y27.COUT     Tbyp                  0.130   contador09/contador_and00001_wg_cy<5>
                                                       contador09/contador_and00001_wg_cy<4>
                                                       contador09/contador_and00001_wg_cy<5>
    SLICE_X16Y31.F2      net (fanout=15)       1.502   contador09/contador_and00001_wg_cy<5>
    SLICE_X16Y31.X       Tilo                  0.601   contador09/contador_and0000
                                                       contador09/contador_and0000
    SLICE_X16Y30.SR      net (fanout=2)        0.512   contador09/contador_and0000
    SLICE_X16Y30.CLK     Tsrck                 0.433   contador09/contador<3>
                                                       contador09/contador_3
    -------------------------------------------------  ---------------------------
    Total                                      5.648ns (2.827ns logic, 2.821ns route)
                                                       (50.1% logic, 49.9% route)

--------------------------------------------------------------------------------
Slack (setup path):     77.632ns (requirement - (data path - clock path skew + uncertainty))
  Source:               contador09/delay_cambio_14 (FF)
  Destination:          contador09/contador_3 (FF)
  Requirement:          83.333ns
  Data Path Delay:      5.572ns (Levels of Logic = 4)
  Clock Path Skew:      -0.129ns (0.437 - 0.566)
  Source Clock:         clk_BUFGP rising at 0.000ns
  Destination Clock:    clk_BUFGP rising at 83.333ns
  Clock Uncertainty:    0.000ns

  Maximum Data Path: contador09/delay_cambio_14 to contador09/contador_3
    Location             Delay type         Delay(ns)  Physical Resource
                                                       Logical Resource(s)
    -------------------------------------------------  -------------------
    SLICE_X7Y27.XQ       Tcko                  0.495   contador09/delay_cambio<14>
                                                       contador09/delay_cambio_14
    SLICE_X5Y25.F4       net (fanout=2)        0.743   contador09/delay_cambio<14>
    SLICE_X5Y25.COUT     Topcyf                1.026   contador09/contador_and00001_wg_cy<1>
                                                       contador09/contador_and00001_wg_lut<0>
                                                       contador09/contador_and00001_wg_cy<0>
                                                       contador09/contador_and00001_wg_cy<1>
    SLICE_X5Y26.CIN      net (fanout=1)        0.000   contador09/contador_and00001_wg_cy<1>
    SLICE_X5Y26.COUT     Tbyp                  0.130   contador09/contador_and00001_wg_cy<3>
                                                       contador09/contador_and00001_wg_cy<2>
                                                       contador09/contador_and00001_wg_cy<3>
    SLICE_X5Y27.CIN      net (fanout=1)        0.000   contador09/contador_and00001_wg_cy<3>
    SLICE_X5Y27.COUT     Tbyp                  0.130   contador09/contador_and00001_wg_cy<5>
                                                       contador09/contador_and00001_wg_cy<4>
                                                       contador09/contador_and00001_wg_cy<5>
    SLICE_X16Y31.F2      net (fanout=15)       1.502   contador09/contador_and00001_wg_cy<5>
    SLICE_X16Y31.X       Tilo                  0.601   contador09/contador_and0000
                                                       contador09/contador_and0000
    SLICE_X16Y30.SR      net (fanout=2)        0.512   contador09/contador_and0000
    SLICE_X16Y30.CLK     Tsrck                 0.433   contador09/contador<3>
                                                       contador09/contador_3
    -------------------------------------------------  ---------------------------
    Total                                      5.572ns (2.815ns logic, 2.757ns route)
                                                       (50.5% logic, 49.5% route)

--------------------------------------------------------------------------------

Paths for end point contador09/contador_2 (SLICE_X16Y30.SR), 28 paths
--------------------------------------------------------------------------------
Slack (setup path):     77.467ns (requirement - (data path - clock path skew + uncertainty))
  Source:               contador09/delay_cambio_16 (FF)
  Destination:          contador09/contador_2 (FF)
  Requirement:          83.333ns
  Data Path Delay:      5.730ns (Levels of Logic = 4)
  Clock Path Skew:      -0.136ns (0.437 - 0.573)
  Source Clock:         clk_BUFGP rising at 0.000ns
  Destination Clock:    clk_BUFGP rising at 83.333ns
  Clock Uncertainty:    0.000ns

  Maximum Data Path: contador09/delay_cambio_16 to contador09/contador_2
    Location             Delay type         Delay(ns)  Physical Resource
                                                       Logical Resource(s)
    -------------------------------------------------  -------------------
    SLICE_X7Y28.XQ       Tcko                  0.495   contador09/delay_cambio<16>
                                                       contador09/delay_cambio_16
    SLICE_X5Y25.F1       net (fanout=2)        0.901   contador09/delay_cambio<16>
    SLICE_X5Y25.COUT     Topcyf                1.026   contador09/contador_and00001_wg_cy<1>
                                                       contador09/contador_and00001_wg_lut<0>
                                                       contador09/contador_and00001_wg_cy<0>
                                                       contador09/contador_and00001_wg_cy<1>
    SLICE_X5Y26.CIN      net (fanout=1)        0.000   contador09/contador_and00001_wg_cy<1>
    SLICE_X5Y26.COUT     Tbyp                  0.130   contador09/contador_and00001_wg_cy<3>
                                                       contador09/contador_and00001_wg_cy<2>
                                                       contador09/contador_and00001_wg_cy<3>
    SLICE_X5Y27.CIN      net (fanout=1)        0.000   contador09/contador_and00001_wg_cy<3>
    SLICE_X5Y27.COUT     Tbyp                  0.130   contador09/contador_and00001_wg_cy<5>
                                                       contador09/contador_and00001_wg_cy<4>
                                                       contador09/contador_and00001_wg_cy<5>
    SLICE_X16Y31.F2      net (fanout=15)       1.502   contador09/contador_and00001_wg_cy<5>
    SLICE_X16Y31.X       Tilo                  0.601   contador09/contador_and0000
                                                       contador09/contador_and0000
    SLICE_X16Y30.SR      net (fanout=2)        0.512   contador09/contador_and0000
    SLICE_X16Y30.CLK     Tsrck                 0.433   contador09/contador<3>
                                                       contador09/contador_2
    -------------------------------------------------  ---------------------------
    Total                                      5.730ns (2.815ns logic, 2.915ns route)
                                                       (49.1% logic, 50.9% route)

--------------------------------------------------------------------------------
Slack (setup path):     77.549ns (requirement - (data path - clock path skew + uncertainty))
  Source:               contador09/delay_cambio_19 (FF)
  Destination:          contador09/contador_2 (FF)
  Requirement:          83.333ns
  Data Path Delay:      5.648ns (Levels of Logic = 4)
  Clock Path Skew:      -0.136ns (0.437 - 0.573)
  Source Clock:         clk_BUFGP rising at 0.000ns
  Destination Clock:    clk_BUFGP rising at 83.333ns
  Clock Uncertainty:    0.000ns

  Maximum Data Path: contador09/delay_cambio_19 to contador09/contador_2
    Location             Delay type         Delay(ns)  Physical Resource
                                                       Logical Resource(s)
    -------------------------------------------------  -------------------
    SLICE_X7Y29.YQ       Tcko                  0.524   contador09/delay_cambio<18>
                                                       contador09/delay_cambio_19
    SLICE_X5Y25.G4       net (fanout=2)        0.807   contador09/delay_cambio<19>
    SLICE_X5Y25.COUT     Topcyg                1.009   contador09/contador_and00001_wg_cy<1>
                                                       contador09/contador_and00001_wg_lut<1>
                                                       contador09/contador_and00001_wg_cy<1>
    SLICE_X5Y26.CIN      net (fanout=1)        0.000   contador09/contador_and00001_wg_cy<1>
    SLICE_X5Y26.COUT     Tbyp                  0.130   contador09/contador_and00001_wg_cy<3>
                                                       contador09/contador_and00001_wg_cy<2>
                                                       contador09/contador_and00001_wg_cy<3>
    SLICE_X5Y27.CIN      net (fanout=1)        0.000   contador09/contador_and00001_wg_cy<3>
    SLICE_X5Y27.COUT     Tbyp                  0.130   contador09/contador_and00001_wg_cy<5>
                                                       contador09/contador_and00001_wg_cy<4>
                                                       contador09/contador_and00001_wg_cy<5>
    SLICE_X16Y31.F2      net (fanout=15)       1.502   contador09/contador_and00001_wg_cy<5>
    SLICE_X16Y31.X       Tilo                  0.601   contador09/contador_and0000
                                                       contador09/contador_and0000
    SLICE_X16Y30.SR      net (fanout=2)        0.512   contador09/contador_and0000
    SLICE_X16Y30.CLK     Tsrck                 0.433   contador09/contador<3>
                                                       contador09/contador_2
    -------------------------------------------------  ---------------------------
    Total                                      5.648ns (2.827ns logic, 2.821ns route)
                                                       (50.1% logic, 49.9% route)

--------------------------------------------------------------------------------
Slack (setup path):     77.632ns (requirement - (data path - clock path skew + uncertainty))
  Source:               contador09/delay_cambio_14 (FF)
  Destination:          contador09/contador_2 (FF)
  Requirement:          83.333ns
  Data Path Delay:      5.572ns (Levels of Logic = 4)
  Clock Path Skew:      -0.129ns (0.437 - 0.566)
  Source Clock:         clk_BUFGP rising at 0.000ns
  Destination Clock:    clk_BUFGP rising at 83.333ns
  Clock Uncertainty:    0.000ns

  Maximum Data Path: contador09/delay_cambio_14 to contador09/contador_2
    Location             Delay type         Delay(ns)  Physical Resource
                                                       Logical Resource(s)
    -------------------------------------------------  -------------------
    SLICE_X7Y27.XQ       Tcko                  0.495   contador09/delay_cambio<14>
                                                       contador09/delay_cambio_14
    SLICE_X5Y25.F4       net (fanout=2)        0.743   contador09/delay_cambio<14>
    SLICE_X5Y25.COUT     Topcyf                1.026   contador09/contador_and00001_wg_cy<1>
                                                       contador09/contador_and00001_wg_lut<0>
                                                       contador09/contador_and00001_wg_cy<0>
                                                       contador09/contador_and00001_wg_cy<1>
    SLICE_X5Y26.CIN      net (fanout=1)        0.000   contador09/contador_and00001_wg_cy<1>
    SLICE_X5Y26.COUT     Tbyp                  0.130   contador09/contador_and00001_wg_cy<3>
                                                       contador09/contador_and00001_wg_cy<2>
                                                       contador09/contador_and00001_wg_cy<3>
    SLICE_X5Y27.CIN      net (fanout=1)        0.000   contador09/contador_and00001_wg_cy<3>
    SLICE_X5Y27.COUT     Tbyp                  0.130   contador09/contador_and00001_wg_cy<5>
                                                       contador09/contador_and00001_wg_cy<4>
                                                       contador09/contador_and00001_wg_cy<5>
    SLICE_X16Y31.F2      net (fanout=15)       1.502   contador09/contador_and00001_wg_cy<5>
    SLICE_X16Y31.X       Tilo                  0.601   contador09/contador_and0000
                                                       contador09/contador_and0000
    SLICE_X16Y30.SR      net (fanout=2)        0.512   contador09/contador_and0000
    SLICE_X16Y30.CLK     Tsrck                 0.433   contador09/contador<3>
                                                       contador09/contador_2
    -------------------------------------------------  ---------------------------
    Total                                      5.572ns (2.815ns logic, 2.757ns route)
                                                       (50.5% logic, 49.5% route)

--------------------------------------------------------------------------------

Paths for end point contador09/contador_0 (SLICE_X17Y31.SR), 28 paths
--------------------------------------------------------------------------------
Slack (setup path):     77.467ns (requirement - (data path - clock path skew + uncertainty))
  Source:               contador09/delay_cambio_16 (FF)
  Destination:          contador09/contador_0 (FF)
  Requirement:          83.333ns
  Data Path Delay:      5.730ns (Levels of Logic = 4)
  Clock Path Skew:      -0.136ns (0.437 - 0.573)
  Source Clock:         clk_BUFGP rising at 0.000ns
  Destination Clock:    clk_BUFGP rising at 83.333ns
  Clock Uncertainty:    0.000ns

  Maximum Data Path: contador09/delay_cambio_16 to contador09/contador_0
    Location             Delay type         Delay(ns)  Physical Resource
                                                       Logical Resource(s)
    -------------------------------------------------  -------------------
    SLICE_X7Y28.XQ       Tcko                  0.495   contador09/delay_cambio<16>
                                                       contador09/delay_cambio_16
    SLICE_X5Y25.F1       net (fanout=2)        0.901   contador09/delay_cambio<16>
    SLICE_X5Y25.COUT     Topcyf                1.026   contador09/contador_and00001_wg_cy<1>
                                                       contador09/contador_and00001_wg_lut<0>
                                                       contador09/contador_and00001_wg_cy<0>
                                                       contador09/contador_and00001_wg_cy<1>
    SLICE_X5Y26.CIN      net (fanout=1)        0.000   contador09/contador_and00001_wg_cy<1>
    SLICE_X5Y26.COUT     Tbyp                  0.130   contador09/contador_and00001_wg_cy<3>
                                                       contador09/contador_and00001_wg_cy<2>
                                                       contador09/contador_and00001_wg_cy<3>
    SLICE_X5Y27.CIN      net (fanout=1)        0.000   contador09/contador_and00001_wg_cy<3>
    SLICE_X5Y27.COUT     Tbyp                  0.130   contador09/contador_and00001_wg_cy<5>
                                                       contador09/contador_and00001_wg_cy<4>
                                                       contador09/contador_and00001_wg_cy<5>
    SLICE_X16Y31.F2      net (fanout=15)       1.502   contador09/contador_and00001_wg_cy<5>
    SLICE_X16Y31.X       Tilo                  0.601   contador09/contador_and0000
                                                       contador09/contador_and0000
    SLICE_X17Y31.SR      net (fanout=2)        0.512   contador09/contador_and0000
    SLICE_X17Y31.CLK     Tsrck                 0.433   contador09/contador<0>
                                                       contador09/contador_0
    -------------------------------------------------  ---------------------------
    Total                                      5.730ns (2.815ns logic, 2.915ns route)
                                                       (49.1% logic, 50.9% route)

--------------------------------------------------------------------------------
Slack (setup path):     77.549ns (requirement - (data path - clock path skew + uncertainty))
  Source:               contador09/delay_cambio_19 (FF)
  Destination:          contador09/contador_0 (FF)
  Requirement:          83.333ns
  Data Path Delay:      5.648ns (Levels of Logic = 4)
  Clock Path Skew:      -0.136ns (0.437 - 0.573)
  Source Clock:         clk_BUFGP rising at 0.000ns
  Destination Clock:    clk_BUFGP rising at 83.333ns
  Clock Uncertainty:    0.000ns

  Maximum Data Path: contador09/delay_cambio_19 to contador09/contador_0
    Location             Delay type         Delay(ns)  Physical Resource
                                                       Logical Resource(s)
    -------------------------------------------------  -------------------
    SLICE_X7Y29.YQ       Tcko                  0.524   contador09/delay_cambio<18>
                                                       contador09/delay_cambio_19
    SLICE_X5Y25.G4       net (fanout=2)        0.807   contador09/delay_cambio<19>
    SLICE_X5Y25.COUT     Topcyg                1.009   contador09/contador_and00001_wg_cy<1>
                                                       contador09/contador_and00001_wg_lut<1>
                                                       contador09/contador_and00001_wg_cy<1>
    SLICE_X5Y26.CIN      net (fanout=1)        0.000   contador09/contador_and00001_wg_cy<1>
    SLICE_X5Y26.COUT     Tbyp                  0.130   contador09/contador_and00001_wg_cy<3>
                                                       contador09/contador_and00001_wg_cy<2>
                                                       contador09/contador_and00001_wg_cy<3>
    SLICE_X5Y27.CIN      net (fanout=1)        0.000   contador09/contador_and00001_wg_cy<3>
    SLICE_X5Y27.COUT     Tbyp                  0.130   contador09/contador_and00001_wg_cy<5>
                                                       contador09/contador_and00001_wg_cy<4>
                                                       contador09/contador_and00001_wg_cy<5>
    SLICE_X16Y31.F2      net (fanout=15)       1.502   contador09/contador_and00001_wg_cy<5>
    SLICE_X16Y31.X       Tilo                  0.601   contador09/contador_and0000
                                                       contador09/contador_and0000
    SLICE_X17Y31.SR      net (fanout=2)        0.512   contador09/contador_and0000
    SLICE_X17Y31.CLK     Tsrck                 0.433   contador09/contador<0>
                                                       contador09/contador_0
    -------------------------------------------------  ---------------------------
    Total                                      5.648ns (2.827ns logic, 2.821ns route)
                                                       (50.1% logic, 49.9% route)

--------------------------------------------------------------------------------
Slack (setup path):     77.632ns (requirement - (data path - clock path skew + uncertainty))
  Source:               contador09/delay_cambio_14 (FF)
  Destination:          contador09/contador_0 (FF)
  Requirement:          83.333ns
  Data Path Delay:      5.572ns (Levels of Logic = 4)
  Clock Path Skew:      -0.129ns (0.437 - 0.566)
  Source Clock:         clk_BUFGP rising at 0.000ns
  Destination Clock:    clk_BUFGP rising at 83.333ns
  Clock Uncertainty:    0.000ns

  Maximum Data Path: contador09/delay_cambio_14 to contador09/contador_0
    Location             Delay type         Delay(ns)  Physical Resource
                                                       Logical Resource(s)
    -------------------------------------------------  -------------------
    SLICE_X7Y27.XQ       Tcko                  0.495   contador09/delay_cambio<14>
                                                       contador09/delay_cambio_14
    SLICE_X5Y25.F4       net (fanout=2)        0.743   contador09/delay_cambio<14>
    SLICE_X5Y25.COUT     Topcyf                1.026   contador09/contador_and00001_wg_cy<1>
                                                       contador09/contador_and00001_wg_lut<0>
                                                       contador09/contador_and00001_wg_cy<0>
                                                       contador09/contador_and00001_wg_cy<1>
    SLICE_X5Y26.CIN      net (fanout=1)        0.000   contador09/contador_and00001_wg_cy<1>
    SLICE_X5Y26.COUT     Tbyp                  0.130   contador09/contador_and00001_wg_cy<3>
                                                       contador09/contador_and00001_wg_cy<2>
                                                       contador09/contador_and00001_wg_cy<3>
    SLICE_X5Y27.CIN      net (fanout=1)        0.000   contador09/contador_and00001_wg_cy<3>
    SLICE_X5Y27.COUT     Tbyp                  0.130   contador09/contador_and00001_wg_cy<5>
                                                       contador09/contador_and00001_wg_cy<4>
                                                       contador09/contador_and00001_wg_cy<5>
    SLICE_X16Y31.F2      net (fanout=15)       1.502   contador09/contador_and00001_wg_cy<5>
    SLICE_X16Y31.X       Tilo                  0.601   contador09/contador_and0000
                                                       contador09/contador_and0000
    SLICE_X17Y31.SR      net (fanout=2)        0.512   contador09/contador_and0000
    SLICE_X17Y31.CLK     Tsrck                 0.433   contador09/contador<0>
                                                       contador09/contador_0
    -------------------------------------------------  ---------------------------
    Total                                      5.572ns (2.815ns logic, 2.757ns route)
                                                       (50.5% logic, 49.5% route)

--------------------------------------------------------------------------------

Hold Paths: NET "clk_BUFGP/IBUFG" PERIOD = 83.3333333 ns HIGH 50%;
--------------------------------------------------------------------------------

Paths for end point contador09/contador_0 (SLICE_X17Y31.BX), 1 path
--------------------------------------------------------------------------------
Slack (hold path):      1.064ns (requirement - (clock path skew + uncertainty - data path))
  Source:               contador09/contador_0 (FF)
  Destination:          contador09/contador_0 (FF)
  Requirement:          0.000ns
  Data Path Delay:      1.064ns (Levels of Logic = 0)
  Clock Path Skew:      0.000ns
  Source Clock:         clk_BUFGP rising at 83.333ns
  Destination Clock:    clk_BUFGP rising at 83.333ns
  Clock Uncertainty:    0.000ns

  Minimum Data Path: contador09/contador_0 to contador09/contador_0
    Location             Delay type         Delay(ns)  Physical Resource
                                                       Logical Resource(s)
    -------------------------------------------------  -------------------
    SLICE_X17Y31.XQ      Tcko                  0.396   contador09/contador<0>
                                                       contador09/contador_0
    SLICE_X17Y31.BX      net (fanout=12)       0.586   contador09/contador<0>
    SLICE_X17Y31.CLK     Tckdi       (-Th)    -0.082   contador09/contador<0>
                                                       contador09/contador_0
    -------------------------------------------------  ---------------------------
    Total                                      1.064ns (0.478ns logic, 0.586ns route)
                                                       (44.9% logic, 55.1% route)

--------------------------------------------------------------------------------

Paths for end point contador09/contador_1 (SLICE_X17Y31.G4), 1 path
--------------------------------------------------------------------------------
Slack (hold path):      1.200ns (requirement - (clock path skew + uncertainty - data path))
  Source:               contador09/contador_0 (FF)
  Destination:          contador09/contador_1 (FF)
  Requirement:          0.000ns
  Data Path Delay:      1.200ns (Levels of Logic = 1)
  Clock Path Skew:      0.000ns
  Source Clock:         clk_BUFGP rising at 83.333ns
  Destination Clock:    clk_BUFGP rising at 83.333ns
  Clock Uncertainty:    0.000ns

  Minimum Data Path: contador09/contador_0 to contador09/contador_1
    Location             Delay type         Delay(ns)  Physical Resource
                                                       Logical Resource(s)
    -------------------------------------------------  -------------------
    SLICE_X17Y31.XQ      Tcko                  0.396   contador09/contador<0>
                                                       contador09/contador_0
    SLICE_X17Y31.G4      net (fanout=12)       0.398   contador09/contador<0>
    SLICE_X17Y31.CLK     Tckg        (-Th)    -0.406   contador09/contador<0>
                                                       contador09/Result<1>11
                                                       contador09/contador_1
    -------------------------------------------------  ---------------------------
    Total                                      1.200ns (0.802ns logic, 0.398ns route)
                                                       (66.8% logic, 33.2% route)

--------------------------------------------------------------------------------

Paths for end point contador09/display_4 (SLICE_X20Y30.SR), 1 path
--------------------------------------------------------------------------------
Slack (hold path):      1.261ns (requirement - (clock path skew + uncertainty - data path))
  Source:               contador09/contador_0 (FF)
  Destination:          contador09/display_4 (FF)
  Requirement:          0.000ns
  Data Path Delay:      1.301ns (Levels of Logic = 0)
  Clock Path Skew:      0.040ns (0.285 - 0.245)
  Source Clock:         clk_BUFGP rising at 83.333ns
  Destination Clock:    clk_BUFGP rising at 83.333ns
  Clock Uncertainty:    0.000ns

  Minimum Data Path: contador09/contador_0 to contador09/display_4
    Location             Delay type         Delay(ns)  Physical Resource
                                                       Logical Resource(s)
    -------------------------------------------------  -------------------
    SLICE_X17Y31.XQ      Tcko                  0.396   contador09/contador<0>
                                                       contador09/contador_0
    SLICE_X20Y30.SR      net (fanout=12)       0.615   contador09/contador<0>
    SLICE_X20Y30.CLK     Tcksr       (-Th)    -0.290   contador09/display<4>
                                                       contador09/display_4
    -------------------------------------------------  ---------------------------
    Total                                      1.301ns (0.686ns logic, 0.615ns route)
                                                       (52.7% logic, 47.3% route)

--------------------------------------------------------------------------------

Component Switching Limit Checks: NET "clk_BUFGP/IBUFG" PERIOD = 83.3333333 ns HIGH 50%;
--------------------------------------------------------------------------------
Slack: 82.005ns (period - (min low pulse limit / (low pulse / period)))
  Period: 83.333ns
  Low pulse: 41.666ns
  Low pulse limit: 0.664ns (Tcl)
  Physical resource: contador09/contador<3>/CLK
  Logical resource: contador09/contador_3/CK
  Location pin: SLICE_X16Y30.CLK
  Clock network: clk_BUFGP
--------------------------------------------------------------------------------
Slack: 82.005ns (period - (min high pulse limit / (high pulse / period)))
  Period: 83.333ns
  High pulse: 41.666ns
  High pulse limit: 0.664ns (Tch)
  Physical resource: contador09/contador<3>/CLK
  Logical resource: contador09/contador_3/CK
  Location pin: SLICE_X16Y30.CLK
  Clock network: clk_BUFGP
--------------------------------------------------------------------------------
Slack: 82.005ns (period - (min low pulse limit / (low pulse / period)))
  Period: 83.333ns
  Low pulse: 41.666ns
  Low pulse limit: 0.664ns (Tcl)
  Physical resource: contador09/contador<3>/CLK
  Logical resource: contador09/contador_2/CK
  Location pin: SLICE_X16Y30.CLK
  Clock network: clk_BUFGP
--------------------------------------------------------------------------------


All constraints were met.


Data Sheet report:
-----------------
All values displayed in nanoseconds (ns)

Clock to Setup on destination clock clk
---------------+---------+---------+---------+---------+
               | Src:Rise| Src:Fall| Src:Rise| Src:Fall|
Source Clock   |Dest:Rise|Dest:Rise|Dest:Fall|Dest:Fall|
---------------+---------+---------+---------+---------+
clk            |    5.866|         |         |         |
---------------+---------+---------+---------+---------+


Timing summary:
---------------

Timing errors: 0  Score: 0  (Setup/Max: 0, Hold: 0)

Constraints cover 1122 paths, 0 nets, and 140 connections

Design statistics:
   Minimum period:   5.866ns{1}   (Maximum frequency: 170.474MHz)


------------------------------------Footnotes-----------------------------------
1)  The minimum period statistic assumes all single cycle delays.

Analysis completed Sun Feb 26 17:52:39 2023 
--------------------------------------------------------------------------------

Trace Settings:
-------------------------
Trace Settings 

Peak Memory Usage: 188 MB



